<?xml version="1.0" encoding="UTF-8"?>
<!-- Generated by org.testng.reporters.JUnitXMLReporter -->
<testsuite hostname="Rakeshs-MacBook-Pro.local" ignored="0" name="Default test" tests="3" failures="0" timestamp="2020-09-01T09:11:20 MDT" time="25.489" errors="0">
  <testcase name="qualityAssuranceSpecialistJobValidation" time="0.068" classname="com.sample.tests.JobBoardTest"/>
  <testcase name="qualityAssuranceSpecialistJobDescriptionValidation" time="0.062" classname="com.sample.tests.JobBoardTest"/>
  <testcase name="astronautJobValidation" time="0.03" classname="com.sample.tests.JobBoardTest"/>
</testsuite> <!-- Default test -->
