<?xml version="1.0" encoding="UTF-8"?>
<testng-results skipped="0" failed="0" ignored="0" total="3" passed="3">
  <reporter-output>
  </reporter-output>
  <suite name="Default suite" duration-ms="25489" started-at="2020-09-01T09:10:49 MDT" finished-at="2020-09-01T09:11:15 MDT">
    <groups>
    </groups>
    <test name="Default test" duration-ms="25489" started-at="2020-09-01T09:10:49 MDT" finished-at="2020-09-01T09:11:15 MDT">
      <class name="com.sample.tests.JobBoardTest">
        <test-method status="PASS" signature="setup()[pri:0, instance:com.sample.tests.JobBoardTest@50d0686]" name="setup" is-config="true" duration-ms="7769" started-at="2020-09-01T09:10:41 MDT" finished-at="2020-09-01T09:10:49 MDT">
          <reporter-output>
          </reporter-output>
        </test-method> <!-- setup -->
        <test-method status="PASS" signature="loginAndNavigateToJobBoard()[pri:0, instance:com.sample.tests.JobBoardTest@50d0686]" name="loginAndNavigateToJobBoard" is-config="true" duration-ms="8639" started-at="2020-09-01T09:10:49 MDT" finished-at="2020-09-01T09:10:58 MDT">
          <reporter-output>
          </reporter-output>
        </test-method> <!-- loginAndNavigateToJobBoard -->
        <test-method status="PASS" signature="qualityAssuranceSpecialistJobValidation()[pri:0, instance:com.sample.tests.JobBoardTest@50d0686]" name="qualityAssuranceSpecialistJobValidation" duration-ms="68" started-at="2020-09-01T09:10:58 MDT" finished-at="2020-09-01T09:10:58 MDT">
          <reporter-output>
          </reporter-output>
        </test-method> <!-- qualityAssuranceSpecialistJobValidation -->
        <test-method status="PASS" signature="loginAndNavigateToJobBoard()[pri:0, instance:com.sample.tests.JobBoardTest@50d0686]" name="loginAndNavigateToJobBoard" is-config="true" duration-ms="8324" started-at="2020-09-01T09:10:58 MDT" finished-at="2020-09-01T09:11:06 MDT">
          <reporter-output>
          </reporter-output>
        </test-method> <!-- loginAndNavigateToJobBoard -->
        <test-method status="PASS" signature="qualityAssuranceSpecialistJobDescriptionValidation()[pri:1, instance:com.sample.tests.JobBoardTest@50d0686]" name="qualityAssuranceSpecialistJobDescriptionValidation" duration-ms="62" started-at="2020-09-01T09:11:06 MDT" depends-on-methods="com.sample.tests.JobBoardTest.qualityAssuranceSpecialistJobValidation" finished-at="2020-09-01T09:11:06 MDT">
          <reporter-output>
          </reporter-output>
        </test-method> <!-- qualityAssuranceSpecialistJobDescriptionValidation -->
        <test-method status="PASS" signature="loginAndNavigateToJobBoard()[pri:0, instance:com.sample.tests.JobBoardTest@50d0686]" name="loginAndNavigateToJobBoard" is-config="true" duration-ms="8317" started-at="2020-09-01T09:11:06 MDT" finished-at="2020-09-01T09:11:15 MDT">
          <reporter-output>
          </reporter-output>
        </test-method> <!-- loginAndNavigateToJobBoard -->
        <test-method status="PASS" signature="astronautJobValidation()[pri:2, instance:com.sample.tests.JobBoardTest@50d0686]" name="astronautJobValidation" duration-ms="30" started-at="2020-09-01T09:11:15 MDT" finished-at="2020-09-01T09:11:15 MDT">
          <reporter-output>
          </reporter-output>
        </test-method> <!-- astronautJobValidation -->
        <test-method status="PASS" signature="tearDown()[pri:0, instance:com.sample.tests.JobBoardTest@50d0686]" name="tearDown" is-config="true" duration-ms="548" started-at="2020-09-01T09:11:20 MDT" finished-at="2020-09-01T09:11:20 MDT">
          <reporter-output>
          </reporter-output>
        </test-method> <!-- tearDown -->
      </class> <!-- com.sample.tests.JobBoardTest -->
    </test> <!-- Default test -->
  </suite> <!-- Default suite -->
</testng-results>
